<?xml version="1.0" encoding="UTF-8"?>
<testsuite xmlns:xsi="http://www.w3.org/2001/XMLSchema-instance" xsi:noNamespaceSchemaLocation="https://maven.apache.org/surefire/maven-surefire-plugin/xsd/surefire-test-report.xsd" name="com.example.warehouse.ImportServiceBackApplicationTests" time="14.183" tests="1" errors="0" skipped="0" failures="0">
  <properties>
    <property name="sun.desktop" value="windows"/>
    <property name="awt.toolkit" value="sun.awt.windows.WToolkit"/>
    <property name="file.encoding.pkg" value="sun.io"/>
    <property name="java.specification.version" value="1.8"/>
    <property name="sun.cpu.isalist" value="amd64"/>
    <property name="sun.jnu.encoding" value="GBK"/>
    <property name="java.class.path" value="F:\work\entrance-server\insport-server\admin-port\import-service-back\target\test-classes;F:\work\entrance-server\insport-server\admin-port\import-service-back\target\classes;D:\program\Maven\Dependency Libraries\mvn-repository\org\springframework\boot\spring-boot-starter-thymeleaf\2.1.3.RELEASE\spring-boot-starter-thymeleaf-2.1.3.RELEASE.jar;D:\program\Maven\Dependency Libraries\mvn-repository\org\springframework\boot\spring-boot-starter\2.1.3.RELEASE\spring-boot-starter-2.1.3.RELEASE.jar;D:\program\Maven\Dependency Libraries\mvn-repository\org\springframework\boot\spring-boot\2.1.3.RELEASE\spring-boot-2.1.3.RELEASE.jar;D:\program\Maven\Dependency Libraries\mvn-repository\org\springframework\boot\spring-boot-starter-logging\2.1.3.RELEASE\spring-boot-starter-logging-2.1.3.RELEASE.jar;D:\program\Maven\Dependency Libraries\mvn-repository\ch\qos\logback\logback-classic\1.2.3\logback-classic-1.2.3.jar;D:\program\Maven\Dependency Libraries\mvn-repository\ch\qos\logback\logback-core\1.2.3\logback-core-1.2.3.jar;D:\program\Maven\Dependency Libraries\mvn-repository\org\apache\logging\log4j\log4j-to-slf4j\2.11.2\log4j-to-slf4j-2.11.2.jar;D:\program\Maven\Dependency Libraries\mvn-repository\org\apache\logging\log4j\log4j-api\2.11.2\log4j-api-2.11.2.jar;D:\program\Maven\Dependency Libraries\mvn-repository\org\slf4j\jul-to-slf4j\1.7.25\jul-to-slf4j-1.7.25.jar;D:\program\Maven\Dependency Libraries\mvn-repository\javax\annotation\javax.annotation-api\1.3.2\javax.annotation-api-1.3.2.jar;D:\program\Maven\Dependency Libraries\mvn-repository\org\yaml\snakeyaml\1.23\snakeyaml-1.23.jar;D:\program\Maven\Dependency Libraries\mvn-repository\org\thymeleaf\thymeleaf-spring5\3.0.11.RELEASE\thymeleaf-spring5-3.0.11.RELEASE.jar;D:\program\Maven\Dependency Libraries\mvn-repository\org\thymeleaf\thymeleaf\3.0.11.RELEASE\thymeleaf-3.0.11.RELEASE.jar;D:\program\Maven\Dependency Libraries\mvn-repository\org\attoparser\attoparser\2.0.5.RELEASE\attoparser-2.0.5.RELEASE.jar;D:\program\Maven\Dependency Libraries\mvn-repository\org\unbescape\unbescape\1.1.6.RELEASE\unbescape-1.1.6.RELEASE.jar;D:\program\Maven\Dependency Libraries\mvn-repository\org\thymeleaf\extras\thymeleaf-extras-java8time\3.0.3.RELEASE\thymeleaf-extras-java8time-3.0.3.RELEASE.jar;D:\program\Maven\Dependency Libraries\mvn-repository\org\springframework\boot\spring-boot-starter-web\2.1.3.RELEASE\spring-boot-starter-web-2.1.3.RELEASE.jar;D:\program\Maven\Dependency Libraries\mvn-repository\org\springframework\boot\spring-boot-starter-json\2.1.3.RELEASE\spring-boot-starter-json-2.1.3.RELEASE.jar;D:\program\Maven\Dependency Libraries\mvn-repository\com\fasterxml\jackson\datatype\jackson-datatype-jdk8\2.9.8\jackson-datatype-jdk8-2.9.8.jar;D:\program\Maven\Dependency Libraries\mvn-repository\com\fasterxml\jackson\datatype\jackson-datatype-jsr310\2.9.8\jackson-datatype-jsr310-2.9.8.jar;D:\program\Maven\Dependency Libraries\mvn-repository\com\fasterxml\jackson\module\jackson-module-parameter-names\2.9.8\jackson-module-parameter-names-2.9.8.jar;D:\program\Maven\Dependency Libraries\mvn-repository\org\springframework\boot\spring-boot-starter-tomcat\2.1.3.RELEASE\spring-boot-starter-tomcat-2.1.3.RELEASE.jar;D:\program\Maven\Dependency Libraries\mvn-repository\org\apache\tomcat\embed\tomcat-embed-core\9.0.16\tomcat-embed-core-9.0.16.jar;D:\program\Maven\Dependency Libraries\mvn-repository\org\apache\tomcat\embed\tomcat-embed-el\9.0.16\tomcat-embed-el-9.0.16.jar;D:\program\Maven\Dependency Libraries\mvn-repository\org\apache\tomcat\embed\tomcat-embed-websocket\9.0.16\tomcat-embed-websocket-9.0.16.jar;D:\program\Maven\Dependency Libraries\mvn-repository\org\hibernate\validator\hibernate-validator\6.0.14.Final\hibernate-validator-6.0.14.Final.jar;D:\program\Maven\Dependency Libraries\mvn-repository\javax\validation\validation-api\2.0.1.Final\validation-api-2.0.1.Final.jar;D:\program\Maven\Dependency Libraries\mvn-repository\org\jboss\logging\jboss-logging\3.3.2.Final\jboss-logging-3.3.2.Final.jar;D:\program\Maven\Dependency Libraries\mvn-repository\org\springframework\spring-web\5.1.5.RELEASE\spring-web-5.1.5.RELEASE.jar;D:\program\Maven\Dependency Libraries\mvn-repository\org\springframework\spring-beans\5.1.5.RELEASE\spring-beans-5.1.5.RELEASE.jar;D:\program\Maven\Dependency Libraries\mvn-repository\org\springframework\spring-webmvc\5.1.5.RELEASE\spring-webmvc-5.1.5.RELEASE.jar;D:\program\Maven\Dependency Libraries\mvn-repository\org\springframework\spring-context\5.1.5.RELEASE\spring-context-5.1.5.RELEASE.jar;D:\program\Maven\Dependency Libraries\mvn-repository\org\springframework\spring-expression\5.1.5.RELEASE\spring-expression-5.1.5.RELEASE.jar;D:\program\Maven\Dependency Libraries\mvn-repository\org\mybatis\spring\boot\mybatis-spring-boot-starter\2.0.0\mybatis-spring-boot-starter-2.0.0.jar;D:\program\Maven\Dependency Libraries\mvn-repository\org\springframework\boot\spring-boot-starter-jdbc\2.1.3.RELEASE\spring-boot-starter-jdbc-2.1.3.RELEASE.jar;D:\program\Maven\Dependency Libraries\mvn-repository\com\zaxxer\HikariCP\3.2.0\HikariCP-3.2.0.jar;D:\program\Maven\Dependency Libraries\mvn-repository\org\springframework\spring-jdbc\5.1.5.RELEASE\spring-jdbc-5.1.5.RELEASE.jar;D:\program\Maven\Dependency Libraries\mvn-repository\org\springframework\spring-tx\5.1.5.RELEASE\spring-tx-5.1.5.RELEASE.jar;D:\program\Maven\Dependency Libraries\mvn-repository\org\mybatis\spring\boot\mybatis-spring-boot-autoconfigure\2.0.0\mybatis-spring-boot-autoconfigure-2.0.0.jar;D:\program\Maven\Dependency Libraries\mvn-repository\org\mybatis\mybatis\3.5.0\mybatis-3.5.0.jar;D:\program\Maven\Dependency Libraries\mvn-repository\org\mybatis\mybatis-spring\2.0.0\mybatis-spring-2.0.0.jar;D:\program\Maven\Dependency Libraries\mvn-repository\com\github\pagehelper\pagehelper\5.1.8\pagehelper-5.1.8.jar;D:\program\Maven\Dependency Libraries\mvn-repository\com\github\jsqlparser\jsqlparser\1.2\jsqlparser-1.2.jar;D:\program\Maven\Dependency Libraries\mvn-repository\cn\hutool\hutool-all\4.5.6\hutool-all-4.5.6.jar;D:\program\Maven\Dependency Libraries\mvn-repository\io\springfox\springfox-swagger2\2.9.2\springfox-swagger2-2.9.2.jar;D:\program\Maven\Dependency Libraries\mvn-repository\io\swagger\swagger-annotations\1.5.20\swagger-annotations-1.5.20.jar;D:\program\Maven\Dependency Libraries\mvn-repository\io\swagger\swagger-models\1.5.20\swagger-models-1.5.20.jar;D:\program\Maven\Dependency Libraries\mvn-repository\com\fasterxml\jackson\core\jackson-annotations\2.9.0\jackson-annotations-2.9.0.jar;D:\program\Maven\Dependency Libraries\mvn-repository\io\springfox\springfox-spi\2.9.2\springfox-spi-2.9.2.jar;D:\program\Maven\Dependency Libraries\mvn-repository\io\springfox\springfox-core\2.9.2\springfox-core-2.9.2.jar;D:\program\Maven\Dependency Libraries\mvn-repository\io\springfox\springfox-schema\2.9.2\springfox-schema-2.9.2.jar;D:\program\Maven\Dependency Libraries\mvn-repository\io\springfox\springfox-swagger-common\2.9.2\springfox-swagger-common-2.9.2.jar;D:\program\Maven\Dependency Libraries\mvn-repository\io\springfox\springfox-spring-web\2.9.2\springfox-spring-web-2.9.2.jar;D:\program\Maven\Dependency Libraries\mvn-repository\com\google\guava\guava\20.0\guava-20.0.jar;D:\program\Maven\Dependency Libraries\mvn-repository\com\fasterxml\classmate\1.4.0\classmate-1.4.0.jar;D:\program\Maven\Dependency Libraries\mvn-repository\org\slf4j\slf4j-api\1.7.25\slf4j-api-1.7.25.jar;D:\program\Maven\Dependency Libraries\mvn-repository\org\springframework\plugin\spring-plugin-core\1.2.0.RELEASE\spring-plugin-core-1.2.0.RELEASE.jar;D:\program\Maven\Dependency Libraries\mvn-repository\org\springframework\plugin\spring-plugin-metadata\1.2.0.RELEASE\spring-plugin-metadata-1.2.0.RELEASE.jar;D:\program\Maven\Dependency Libraries\mvn-repository\org\mapstruct\mapstruct\1.2.0.Final\mapstruct-1.2.0.Final.jar;D:\program\Maven\Dependency Libraries\mvn-repository\mysql\mysql-connector-java\8.0.16\mysql-connector-java-8.0.16.jar;D:\program\Maven\Dependency Libraries\mvn-repository\org\springframework\boot\spring-boot-starter-test\2.1.3.RELEASE\spring-boot-starter-test-2.1.3.RELEASE.jar;D:\program\Maven\Dependency Libraries\mvn-repository\org\springframework\boot\spring-boot-test\2.1.3.RELEASE\spring-boot-test-2.1.3.RELEASE.jar;D:\program\Maven\Dependency Libraries\mvn-repository\org\springframework\boot\spring-boot-test-autoconfigure\2.1.3.RELEASE\spring-boot-test-autoconfigure-2.1.3.RELEASE.jar;D:\program\Maven\Dependency Libraries\mvn-repository\com\jayway\jsonpath\json-path\2.4.0\json-path-2.4.0.jar;D:\program\Maven\Dependency Libraries\mvn-repository\net\minidev\json-smart\2.3\json-smart-2.3.jar;D:\program\Maven\Dependency Libraries\mvn-repository\net\minidev\accessors-smart\1.2\accessors-smart-1.2.jar;D:\program\Maven\Dependency Libraries\mvn-repository\org\ow2\asm\asm\5.0.4\asm-5.0.4.jar;D:\program\Maven\Dependency Libraries\mvn-repository\junit\junit\4.12\junit-4.12.jar;D:\program\Maven\Dependency Libraries\mvn-repository\org\assertj\assertj-core\3.11.1\assertj-core-3.11.1.jar;D:\program\Maven\Dependency Libraries\mvn-repository\org\mockito\mockito-core\2.23.4\mockito-core-2.23.4.jar;D:\program\Maven\Dependency Libraries\mvn-repository\net\bytebuddy\byte-buddy\1.9.10\byte-buddy-1.9.10.jar;D:\program\Maven\Dependency Libraries\mvn-repository\net\bytebuddy\byte-buddy-agent\1.9.10\byte-buddy-agent-1.9.10.jar;D:\program\Maven\Dependency Libraries\mvn-repository\org\objenesis\objenesis\2.6\objenesis-2.6.jar;D:\program\Maven\Dependency Libraries\mvn-repository\org\hamcrest\hamcrest-core\1.3\hamcrest-core-1.3.jar;D:\program\Maven\Dependency Libraries\mvn-repository\org\hamcrest\hamcrest-library\1.3\hamcrest-library-1.3.jar;D:\program\Maven\Dependency Libraries\mvn-repository\org\skyscreamer\jsonassert\1.5.0\jsonassert-1.5.0.jar;D:\program\Maven\Dependency Libraries\mvn-repository\com\vaadin\external\google\android-json\0.0.20131108.vaadin1\android-json-0.0.20131108.vaadin1.jar;D:\program\Maven\Dependency Libraries\mvn-repository\org\springframework\spring-core\5.1.5.RELEASE\spring-core-5.1.5.RELEASE.jar;D:\program\Maven\Dependency Libraries\mvn-repository\org\springframework\spring-jcl\5.1.5.RELEASE\spring-jcl-5.1.5.RELEASE.jar;D:\program\Maven\Dependency Libraries\mvn-repository\org\springframework\spring-test\5.1.5.RELEASE\spring-test-5.1.5.RELEASE.jar;D:\program\Maven\Dependency Libraries\mvn-repository\org\xmlunit\xmlunit-core\2.6.2\xmlunit-core-2.6.2.jar;D:\program\Maven\Dependency Libraries\mvn-repository\com\alibaba\fastjson\1.2.54\fastjson-1.2.54.jar;D:\program\Maven\Dependency Libraries\mvn-repository\org\projectlombok\lombok\1.18.6\lombok-1.18.6.jar;D:\program\Maven\Dependency Libraries\mvn-repository\com\alibaba\druid\1.1.14\druid-1.1.14.jar;D:\program\Maven\Dependency Libraries\mvn-repository\com\alibaba\druid-spring-boot-starter\1.1.14\druid-spring-boot-starter-1.1.14.jar;D:\program\Maven\Dependency Libraries\mvn-repository\org\springframework\boot\spring-boot-autoconfigure\2.1.3.RELEASE\spring-boot-autoconfigure-2.1.3.RELEASE.jar;D:\program\Maven\Dependency Libraries\mvn-repository\org\jsoup\jsoup\1.11.3\jsoup-1.11.3.jar;D:\program\Maven\Dependency Libraries\mvn-repository\org\apache\shiro\shiro-spring\1.3.1\shiro-spring-1.3.1.jar;D:\program\Maven\Dependency Libraries\mvn-repository\org\apache\shiro\shiro-core\1.3.1\shiro-core-1.3.1.jar;D:\program\Maven\Dependency Libraries\mvn-repository\commons-beanutils\commons-beanutils\1.8.3\commons-beanutils-1.8.3.jar;D:\program\Maven\Dependency Libraries\mvn-repository\org\apache\shiro\shiro-web\1.3.1\shiro-web-1.3.1.jar;D:\program\Maven\Dependency Libraries\mvn-repository\org\apache\shiro\shiro-ehcache\1.3.1\shiro-ehcache-1.3.1.jar;D:\program\Maven\Dependency Libraries\mvn-repository\net\sf\ehcache\ehcache-core\2.5.3\ehcache-core-2.5.3.jar;D:\program\Maven\Dependency Libraries\mvn-repository\org\apache\poi\poi\4.1.0\poi-4.1.0.jar;D:\program\Maven\Dependency Libraries\mvn-repository\commons-codec\commons-codec\1.11\commons-codec-1.11.jar;D:\program\Maven\Dependency Libraries\mvn-repository\org\apache\commons\commons-collections4\4.3\commons-collections4-4.3.jar;D:\program\Maven\Dependency Libraries\mvn-repository\org\apache\commons\commons-math3\3.6.1\commons-math3-3.6.1.jar;D:\program\Maven\Dependency Libraries\mvn-repository\com\itextpdf\itextpdf\5.5.6\itextpdf-5.5.6.jar;D:\program\Maven\Dependency Libraries\mvn-repository\com\itextpdf\itext-asian\5.2.0\itext-asian-5.2.0.jar;D:\program\Maven\Dependency Libraries\mvn-repository\com\itextpdf\tool\xmlworker\5.5.9\xmlworker-5.5.9.jar;D:\program\Maven\Dependency Libraries\mvn-repository\org\apache\pdfbox\pdfbox\2.0.16\pdfbox-2.0.16.jar;D:\program\Maven\Dependency Libraries\mvn-repository\org\apache\pdfbox\fontbox\2.0.16\fontbox-2.0.16.jar;D:\program\Maven\Dependency Libraries\mvn-repository\commons-logging\commons-logging\1.2\commons-logging-1.2.jar;D:\program\Maven\Dependency Libraries\mvn-repository\org\apache\pdfbox\pdfbox-tools\2.0.16\pdfbox-tools-2.0.16.jar;D:\program\Maven\Dependency Libraries\mvn-repository\org\apache\pdfbox\pdfbox-debugger\2.0.16\pdfbox-debugger-2.0.16.jar;D:\program\Maven\Dependency Libraries\mvn-repository\org\apache\commons\commons-pool2\2.6.2\commons-pool2-2.6.2.jar;D:\program\Maven\Dependency Libraries\mvn-repository\commons-lang\commons-lang\2.6\commons-lang-2.6.jar;D:\program\Maven\Dependency Libraries\mvn-repository\net\sourceforge\jexcelapi\jxl\2.6.12\jxl-2.6.12.jar;D:\program\Maven\Dependency Libraries\mvn-repository\com\sun\mail\javax.mail\1.6.2\javax.mail-1.6.2.jar;D:\program\Maven\Dependency Libraries\mvn-repository\javax\activation\activation\1.1\activation-1.1.jar;D:\program\Maven\Dependency Libraries\mvn-repository\org\apache\httpcomponents\httpclient\4.5.5\httpclient-4.5.5.jar;D:\program\Maven\Dependency Libraries\mvn-repository\org\apache\httpcomponents\httpcore\4.4.11\httpcore-4.4.11.jar;D:\program\Maven\Dependency Libraries\mvn-repository\org\springframework\boot\spring-boot-starter-aop\2.1.3.RELEASE\spring-boot-starter-aop-2.1.3.RELEASE.jar;D:\program\Maven\Dependency Libraries\mvn-repository\org\springframework\spring-aop\5.1.5.RELEASE\spring-aop-5.1.5.RELEASE.jar;D:\program\Maven\Dependency Libraries\mvn-repository\org\aspectj\aspectjweaver\1.9.2\aspectjweaver-1.9.2.jar;D:\program\Maven\Dependency Libraries\mvn-repository\e-iceblue\spire.barcode\4.11.0\spire.barcode-4.11.0.jar;D:\program\Maven\Dependency Libraries\mvn-repository\commons-httpclient\commons-httpclient\3.1\commons-httpclient-3.1.jar;D:\program\Maven\Dependency Libraries\mvn-repository\com\google\zxing\core\3.4.1\core-3.4.1.jar;D:\program\Maven\Dependency Libraries\mvn-repository\com\google\zxing\javase\3.2.1\javase-3.2.1.jar;D:\program\Maven\Dependency Libraries\mvn-repository\com\beust\jcommander\1.48\jcommander-1.48.jar;D:\program\Maven\Dependency Libraries\mvn-repository\dom4j\dom4j\1.6.1\dom4j-1.6.1.jar;D:\program\Maven\Dependency Libraries\mvn-repository\xml-apis\xml-apis\1.4.01\xml-apis-1.4.01.jar;D:\program\Maven\Dependency Libraries\mvn-repository\org\dom4j\dom4j\2.1.3\dom4j-2.1.3.jar;D:\program\Maven\Dependency Libraries\mvn-repository\com\qcloud\cos_api\5.6.9\cos_api-5.6.9.jar;D:\program\Maven\Dependency Libraries\mvn-repository\joda-time\joda-time\2.10.1\joda-time-2.10.1.jar;D:\program\Maven\Dependency Libraries\mvn-repository\com\fasterxml\jackson\core\jackson-databind\2.9.8\jackson-databind-2.9.8.jar;D:\program\Maven\Dependency Libraries\mvn-repository\com\fasterxml\jackson\core\jackson-core\2.9.8\jackson-core-2.9.8.jar;D:\program\Maven\Dependency Libraries\mvn-repository\org\bouncycastle\bcprov-jdk15on\1.59\bcprov-jdk15on-1.59.jar;D:\program\Maven\Dependency Libraries\mvn-repository\net\coobird\thumbnailator\0.4.8\thumbnailator-0.4.8.jar;"/>
    <property name="java.vm.vendor" value="Oracle Corporation"/>
    <property name="sun.arch.data.model" value="64"/>
    <property name="user.variant" value=""/>
    <property name="java.vendor.url" value="http://java.oracle.com/"/>
    <property name="user.timezone" value="Asia/Shanghai"/>
    <property name="java.vm.specification.version" value="1.8"/>
    <property name="os.name" value="Windows 10"/>
    <property name="user.country" value="CN"/>
    <property name="sun.java.launcher" value="SUN_STANDARD"/>
    <property name="sun.boot.library.path" value="D:\program\JDK\jdk1.8.0_271\jre\bin"/>
    <property name="sun.java.command" value="C:\Users\97877\AppData\Local\Temp\surefire2802083031587853091\surefirebooter692062773245726963.jar C:\Users\97877\AppData\Local\Temp\surefire2802083031587853091 2023-02-15T20-53-02_338-jvmRun1 surefire4639181171110775620tmp surefire_02685489335107009743tmp"/>
    <property name="surefire.test.class.path" value="F:\work\entrance-server\insport-server\admin-port\import-service-back\target\test-classes;F:\work\entrance-server\insport-server\admin-port\import-service-back\target\classes;D:\program\Maven\Dependency Libraries\mvn-repository\org\springframework\boot\spring-boot-starter-thymeleaf\2.1.3.RELEASE\spring-boot-starter-thymeleaf-2.1.3.RELEASE.jar;D:\program\Maven\Dependency Libraries\mvn-repository\org\springframework\boot\spring-boot-starter\2.1.3.RELEASE\spring-boot-starter-2.1.3.RELEASE.jar;D:\program\Maven\Dependency Libraries\mvn-repository\org\springframework\boot\spring-boot\2.1.3.RELEASE\spring-boot-2.1.3.RELEASE.jar;D:\program\Maven\Dependency Libraries\mvn-repository\org\springframework\boot\spring-boot-starter-logging\2.1.3.RELEASE\spring-boot-starter-logging-2.1.3.RELEASE.jar;D:\program\Maven\Dependency Libraries\mvn-repository\ch\qos\logback\logback-classic\1.2.3\logback-classic-1.2.3.jar;D:\program\Maven\Dependency Libraries\mvn-repository\ch\qos\logback\logback-core\1.2.3\logback-core-1.2.3.jar;D:\program\Maven\Dependency Libraries\mvn-repository\org\apache\logging\log4j\log4j-to-slf4j\2.11.2\log4j-to-slf4j-2.11.2.jar;D:\program\Maven\Dependency Libraries\mvn-repository\org\apache\logging\log4j\log4j-api\2.11.2\log4j-api-2.11.2.jar;D:\program\Maven\Dependency Libraries\mvn-repository\org\slf4j\jul-to-slf4j\1.7.25\jul-to-slf4j-1.7.25.jar;D:\program\Maven\Dependency Libraries\mvn-repository\javax\annotation\javax.annotation-api\1.3.2\javax.annotation-api-1.3.2.jar;D:\program\Maven\Dependency Libraries\mvn-repository\org\yaml\snakeyaml\1.23\snakeyaml-1.23.jar;D:\program\Maven\Dependency Libraries\mvn-repository\org\thymeleaf\thymeleaf-spring5\3.0.11.RELEASE\thymeleaf-spring5-3.0.11.RELEASE.jar;D:\program\Maven\Dependency Libraries\mvn-repository\org\thymeleaf\thymeleaf\3.0.11.RELEASE\thymeleaf-3.0.11.RELEASE.jar;D:\program\Maven\Dependency Libraries\mvn-repository\org\attoparser\attoparser\2.0.5.RELEASE\attoparser-2.0.5.RELEASE.jar;D:\program\Maven\Dependency Libraries\mvn-repository\org\unbescape\unbescape\1.1.6.RELEASE\unbescape-1.1.6.RELEASE.jar;D:\program\Maven\Dependency Libraries\mvn-repository\org\thymeleaf\extras\thymeleaf-extras-java8time\3.0.3.RELEASE\thymeleaf-extras-java8time-3.0.3.RELEASE.jar;D:\program\Maven\Dependency Libraries\mvn-repository\org\springframework\boot\spring-boot-starter-web\2.1.3.RELEASE\spring-boot-starter-web-2.1.3.RELEASE.jar;D:\program\Maven\Dependency Libraries\mvn-repository\org\springframework\boot\spring-boot-starter-json\2.1.3.RELEASE\spring-boot-starter-json-2.1.3.RELEASE.jar;D:\program\Maven\Dependency Libraries\mvn-repository\com\fasterxml\jackson\datatype\jackson-datatype-jdk8\2.9.8\jackson-datatype-jdk8-2.9.8.jar;D:\program\Maven\Dependency Libraries\mvn-repository\com\fasterxml\jackson\datatype\jackson-datatype-jsr310\2.9.8\jackson-datatype-jsr310-2.9.8.jar;D:\program\Maven\Dependency Libraries\mvn-repository\com\fasterxml\jackson\module\jackson-module-parameter-names\2.9.8\jackson-module-parameter-names-2.9.8.jar;D:\program\Maven\Dependency Libraries\mvn-repository\org\springframework\boot\spring-boot-starter-tomcat\2.1.3.RELEASE\spring-boot-starter-tomcat-2.1.3.RELEASE.jar;D:\program\Maven\Dependency Libraries\mvn-repository\org\apache\tomcat\embed\tomcat-embed-core\9.0.16\tomcat-embed-core-9.0.16.jar;D:\program\Maven\Dependency Libraries\mvn-repository\org\apache\tomcat\embed\tomcat-embed-el\9.0.16\tomcat-embed-el-9.0.16.jar;D:\program\Maven\Dependency Libraries\mvn-repository\org\apache\tomcat\embed\tomcat-embed-websocket\9.0.16\tomcat-embed-websocket-9.0.16.jar;D:\program\Maven\Dependency Libraries\mvn-repository\org\hibernate\validator\hibernate-validator\6.0.14.Final\hibernate-validator-6.0.14.Final.jar;D:\program\Maven\Dependency Libraries\mvn-repository\javax\validation\validation-api\2.0.1.Final\validation-api-2.0.1.Final.jar;D:\program\Maven\Dependency Libraries\mvn-repository\org\jboss\logging\jboss-logging\3.3.2.Final\jboss-logging-3.3.2.Final.jar;D:\program\Maven\Dependency Libraries\mvn-repository\org\springframework\spring-web\5.1.5.RELEASE\spring-web-5.1.5.RELEASE.jar;D:\program\Maven\Dependency Libraries\mvn-repository\org\springframework\spring-beans\5.1.5.RELEASE\spring-beans-5.1.5.RELEASE.jar;D:\program\Maven\Dependency Libraries\mvn-repository\org\springframework\spring-webmvc\5.1.5.RELEASE\spring-webmvc-5.1.5.RELEASE.jar;D:\program\Maven\Dependency Libraries\mvn-repository\org\springframework\spring-context\5.1.5.RELEASE\spring-context-5.1.5.RELEASE.jar;D:\program\Maven\Dependency Libraries\mvn-repository\org\springframework\spring-expression\5.1.5.RELEASE\spring-expression-5.1.5.RELEASE.jar;D:\program\Maven\Dependency Libraries\mvn-repository\org\mybatis\spring\boot\mybatis-spring-boot-starter\2.0.0\mybatis-spring-boot-starter-2.0.0.jar;D:\program\Maven\Dependency Libraries\mvn-repository\org\springframework\boot\spring-boot-starter-jdbc\2.1.3.RELEASE\spring-boot-starter-jdbc-2.1.3.RELEASE.jar;D:\program\Maven\Dependency Libraries\mvn-repository\com\zaxxer\HikariCP\3.2.0\HikariCP-3.2.0.jar;D:\program\Maven\Dependency Libraries\mvn-repository\org\springframework\spring-jdbc\5.1.5.RELEASE\spring-jdbc-5.1.5.RELEASE.jar;D:\program\Maven\Dependency Libraries\mvn-repository\org\springframework\spring-tx\5.1.5.RELEASE\spring-tx-5.1.5.RELEASE.jar;D:\program\Maven\Dependency Libraries\mvn-repository\org\mybatis\spring\boot\mybatis-spring-boot-autoconfigure\2.0.0\mybatis-spring-boot-autoconfigure-2.0.0.jar;D:\program\Maven\Dependency Libraries\mvn-repository\org\mybatis\mybatis\3.5.0\mybatis-3.5.0.jar;D:\program\Maven\Dependency Libraries\mvn-repository\org\mybatis\mybatis-spring\2.0.0\mybatis-spring-2.0.0.jar;D:\program\Maven\Dependency Libraries\mvn-repository\com\github\pagehelper\pagehelper\5.1.8\pagehelper-5.1.8.jar;D:\program\Maven\Dependency Libraries\mvn-repository\com\github\jsqlparser\jsqlparser\1.2\jsqlparser-1.2.jar;D:\program\Maven\Dependency Libraries\mvn-repository\cn\hutool\hutool-all\4.5.6\hutool-all-4.5.6.jar;D:\program\Maven\Dependency Libraries\mvn-repository\io\springfox\springfox-swagger2\2.9.2\springfox-swagger2-2.9.2.jar;D:\program\Maven\Dependency Libraries\mvn-repository\io\swagger\swagger-annotations\1.5.20\swagger-annotations-1.5.20.jar;D:\program\Maven\Dependency Libraries\mvn-repository\io\swagger\swagger-models\1.5.20\swagger-models-1.5.20.jar;D:\program\Maven\Dependency Libraries\mvn-repository\com\fasterxml\jackson\core\jackson-annotations\2.9.0\jackson-annotations-2.9.0.jar;D:\program\Maven\Dependency Libraries\mvn-repository\io\springfox\springfox-spi\2.9.2\springfox-spi-2.9.2.jar;D:\program\Maven\Dependency Libraries\mvn-repository\io\springfox\springfox-core\2.9.2\springfox-core-2.9.2.jar;D:\program\Maven\Dependency Libraries\mvn-repository\io\springfox\springfox-schema\2.9.2\springfox-schema-2.9.2.jar;D:\program\Maven\Dependency Libraries\mvn-repository\io\springfox\springfox-swagger-common\2.9.2\springfox-swagger-common-2.9.2.jar;D:\program\Maven\Dependency Libraries\mvn-repository\io\springfox\springfox-spring-web\2.9.2\springfox-spring-web-2.9.2.jar;D:\program\Maven\Dependency Libraries\mvn-repository\com\google\guava\guava\20.0\guava-20.0.jar;D:\program\Maven\Dependency Libraries\mvn-repository\com\fasterxml\classmate\1.4.0\classmate-1.4.0.jar;D:\program\Maven\Dependency Libraries\mvn-repository\org\slf4j\slf4j-api\1.7.25\slf4j-api-1.7.25.jar;D:\program\Maven\Dependency Libraries\mvn-repository\org\springframework\plugin\spring-plugin-core\1.2.0.RELEASE\spring-plugin-core-1.2.0.RELEASE.jar;D:\program\Maven\Dependency Libraries\mvn-repository\org\springframework\plugin\spring-plugin-metadata\1.2.0.RELEASE\spring-plugin-metadata-1.2.0.RELEASE.jar;D:\program\Maven\Dependency Libraries\mvn-repository\org\mapstruct\mapstruct\1.2.0.Final\mapstruct-1.2.0.Final.jar;D:\program\Maven\Dependency Libraries\mvn-repository\mysql\mysql-connector-java\8.0.16\mysql-connector-java-8.0.16.jar;D:\program\Maven\Dependency Libraries\mvn-repository\org\springframework\boot\spring-boot-starter-test\2.1.3.RELEASE\spring-boot-starter-test-2.1.3.RELEASE.jar;D:\program\Maven\Dependency Libraries\mvn-repository\org\springframework\boot\spring-boot-test\2.1.3.RELEASE\spring-boot-test-2.1.3.RELEASE.jar;D:\program\Maven\Dependency Libraries\mvn-repository\org\springframework\boot\spring-boot-test-autoconfigure\2.1.3.RELEASE\spring-boot-test-autoconfigure-2.1.3.RELEASE.jar;D:\program\Maven\Dependency Libraries\mvn-repository\com\jayway\jsonpath\json-path\2.4.0\json-path-2.4.0.jar;D:\program\Maven\Dependency Libraries\mvn-repository\net\minidev\json-smart\2.3\json-smart-2.3.jar;D:\program\Maven\Dependency Libraries\mvn-repository\net\minidev\accessors-smart\1.2\accessors-smart-1.2.jar;D:\program\Maven\Dependency Libraries\mvn-repository\org\ow2\asm\asm\5.0.4\asm-5.0.4.jar;D:\program\Maven\Dependency Libraries\mvn-repository\junit\junit\4.12\junit-4.12.jar;D:\program\Maven\Dependency Libraries\mvn-repository\org\assertj\assertj-core\3.11.1\assertj-core-3.11.1.jar;D:\program\Maven\Dependency Libraries\mvn-repository\org\mockito\mockito-core\2.23.4\mockito-core-2.23.4.jar;D:\program\Maven\Dependency Libraries\mvn-repository\net\bytebuddy\byte-buddy\1.9.10\byte-buddy-1.9.10.jar;D:\program\Maven\Dependency Libraries\mvn-repository\net\bytebuddy\byte-buddy-agent\1.9.10\byte-buddy-agent-1.9.10.jar;D:\program\Maven\Dependency Libraries\mvn-repository\org\objenesis\objenesis\2.6\objenesis-2.6.jar;D:\program\Maven\Dependency Libraries\mvn-repository\org\hamcrest\hamcrest-core\1.3\hamcrest-core-1.3.jar;D:\program\Maven\Dependency Libraries\mvn-repository\org\hamcrest\hamcrest-library\1.3\hamcrest-library-1.3.jar;D:\program\Maven\Dependency Libraries\mvn-repository\org\skyscreamer\jsonassert\1.5.0\jsonassert-1.5.0.jar;D:\program\Maven\Dependency Libraries\mvn-repository\com\vaadin\external\google\android-json\0.0.20131108.vaadin1\android-json-0.0.20131108.vaadin1.jar;D:\program\Maven\Dependency Libraries\mvn-repository\org\springframework\spring-core\5.1.5.RELEASE\spring-core-5.1.5.RELEASE.jar;D:\program\Maven\Dependency Libraries\mvn-repository\org\springframework\spring-jcl\5.1.5.RELEASE\spring-jcl-5.1.5.RELEASE.jar;D:\program\Maven\Dependency Libraries\mvn-repository\org\springframework\spring-test\5.1.5.RELEASE\spring-test-5.1.5.RELEASE.jar;D:\program\Maven\Dependency Libraries\mvn-repository\org\xmlunit\xmlunit-core\2.6.2\xmlunit-core-2.6.2.jar;D:\program\Maven\Dependency Libraries\mvn-repository\com\alibaba\fastjson\1.2.54\fastjson-1.2.54.jar;D:\program\Maven\Dependency Libraries\mvn-repository\org\projectlombok\lombok\1.18.6\lombok-1.18.6.jar;D:\program\Maven\Dependency Libraries\mvn-repository\com\alibaba\druid\1.1.14\druid-1.1.14.jar;D:\program\Maven\Dependency Libraries\mvn-repository\com\alibaba\druid-spring-boot-starter\1.1.14\druid-spring-boot-starter-1.1.14.jar;D:\program\Maven\Dependency Libraries\mvn-repository\org\springframework\boot\spring-boot-autoconfigure\2.1.3.RELEASE\spring-boot-autoconfigure-2.1.3.RELEASE.jar;D:\program\Maven\Dependency Libraries\mvn-repository\org\jsoup\jsoup\1.11.3\jsoup-1.11.3.jar;D:\program\Maven\Dependency Libraries\mvn-repository\org\apache\shiro\shiro-spring\1.3.1\shiro-spring-1.3.1.jar;D:\program\Maven\Dependency Libraries\mvn-repository\org\apache\shiro\shiro-core\1.3.1\shiro-core-1.3.1.jar;D:\program\Maven\Dependency Libraries\mvn-repository\commons-beanutils\commons-beanutils\1.8.3\commons-beanutils-1.8.3.jar;D:\program\Maven\Dependency Libraries\mvn-repository\org\apache\shiro\shiro-web\1.3.1\shiro-web-1.3.1.jar;D:\program\Maven\Dependency Libraries\mvn-repository\org\apache\shiro\shiro-ehcache\1.3.1\shiro-ehcache-1.3.1.jar;D:\program\Maven\Dependency Libraries\mvn-repository\net\sf\ehcache\ehcache-core\2.5.3\ehcache-core-2.5.3.jar;D:\program\Maven\Dependency Libraries\mvn-repository\org\apache\poi\poi\4.1.0\poi-4.1.0.jar;D:\program\Maven\Dependency Libraries\mvn-repository\commons-codec\commons-codec\1.11\commons-codec-1.11.jar;D:\program\Maven\Dependency Libraries\mvn-repository\org\apache\commons\commons-collections4\4.3\commons-collections4-4.3.jar;D:\program\Maven\Dependency Libraries\mvn-repository\org\apache\commons\commons-math3\3.6.1\commons-math3-3.6.1.jar;D:\program\Maven\Dependency Libraries\mvn-repository\com\itextpdf\itextpdf\5.5.6\itextpdf-5.5.6.jar;D:\program\Maven\Dependency Libraries\mvn-repository\com\itextpdf\itext-asian\5.2.0\itext-asian-5.2.0.jar;D:\program\Maven\Dependency Libraries\mvn-repository\com\itextpdf\tool\xmlworker\5.5.9\xmlworker-5.5.9.jar;D:\program\Maven\Dependency Libraries\mvn-repository\org\apache\pdfbox\pdfbox\2.0.16\pdfbox-2.0.16.jar;D:\program\Maven\Dependency Libraries\mvn-repository\org\apache\pdfbox\fontbox\2.0.16\fontbox-2.0.16.jar;D:\program\Maven\Dependency Libraries\mvn-repository\commons-logging\commons-logging\1.2\commons-logging-1.2.jar;D:\program\Maven\Dependency Libraries\mvn-repository\org\apache\pdfbox\pdfbox-tools\2.0.16\pdfbox-tools-2.0.16.jar;D:\program\Maven\Dependency Libraries\mvn-repository\org\apache\pdfbox\pdfbox-debugger\2.0.16\pdfbox-debugger-2.0.16.jar;D:\program\Maven\Dependency Libraries\mvn-repository\org\apache\commons\commons-pool2\2.6.2\commons-pool2-2.6.2.jar;D:\program\Maven\Dependency Libraries\mvn-repository\commons-lang\commons-lang\2.6\commons-lang-2.6.jar;D:\program\Maven\Dependency Libraries\mvn-repository\net\sourceforge\jexcelapi\jxl\2.6.12\jxl-2.6.12.jar;D:\program\Maven\Dependency Libraries\mvn-repository\com\sun\mail\javax.mail\1.6.2\javax.mail-1.6.2.jar;D:\program\Maven\Dependency Libraries\mvn-repository\javax\activation\activation\1.1\activation-1.1.jar;D:\program\Maven\Dependency Libraries\mvn-repository\org\apache\httpcomponents\httpclient\4.5.5\httpclient-4.5.5.jar;D:\program\Maven\Dependency Libraries\mvn-repository\org\apache\httpcomponents\httpcore\4.4.11\httpcore-4.4.11.jar;D:\program\Maven\Dependency Libraries\mvn-repository\org\springframework\boot\spring-boot-starter-aop\2.1.3.RELEASE\spring-boot-starter-aop-2.1.3.RELEASE.jar;D:\program\Maven\Dependency Libraries\mvn-repository\org\springframework\spring-aop\5.1.5.RELEASE\spring-aop-5.1.5.RELEASE.jar;D:\program\Maven\Dependency Libraries\mvn-repository\org\aspectj\aspectjweaver\1.9.2\aspectjweaver-1.9.2.jar;D:\program\Maven\Dependency Libraries\mvn-repository\e-iceblue\spire.barcode\4.11.0\spire.barcode-4.11.0.jar;D:\program\Maven\Dependency Libraries\mvn-repository\commons-httpclient\commons-httpclient\3.1\commons-httpclient-3.1.jar;D:\program\Maven\Dependency Libraries\mvn-repository\com\google\zxing\core\3.4.1\core-3.4.1.jar;D:\program\Maven\Dependency Libraries\mvn-repository\com\google\zxing\javase\3.2.1\javase-3.2.1.jar;D:\program\Maven\Dependency Libraries\mvn-repository\com\beust\jcommander\1.48\jcommander-1.48.jar;D:\program\Maven\Dependency Libraries\mvn-repository\dom4j\dom4j\1.6.1\dom4j-1.6.1.jar;D:\program\Maven\Dependency Libraries\mvn-repository\xml-apis\xml-apis\1.4.01\xml-apis-1.4.01.jar;D:\program\Maven\Dependency Libraries\mvn-repository\org\dom4j\dom4j\2.1.3\dom4j-2.1.3.jar;D:\program\Maven\Dependency Libraries\mvn-repository\com\qcloud\cos_api\5.6.9\cos_api-5.6.9.jar;D:\program\Maven\Dependency Libraries\mvn-repository\joda-time\joda-time\2.10.1\joda-time-2.10.1.jar;D:\program\Maven\Dependency Libraries\mvn-repository\com\fasterxml\jackson\core\jackson-databind\2.9.8\jackson-databind-2.9.8.jar;D:\program\Maven\Dependency Libraries\mvn-repository\com\fasterxml\jackson\core\jackson-core\2.9.8\jackson-core-2.9.8.jar;D:\program\Maven\Dependency Libraries\mvn-repository\org\bouncycastle\bcprov-jdk15on\1.59\bcprov-jdk15on-1.59.jar;D:\program\Maven\Dependency Libraries\mvn-repository\net\coobird\thumbnailator\0.4.8\thumbnailator-0.4.8.jar;"/>
    <property name="sun.cpu.endian" value="little"/>
    <property name="user.home" value="C:\Users\97877"/>
    <property name="user.language" value="zh"/>
    <property name="java.specification.vendor" value="Oracle Corporation"/>
    <property name="java.home" value="D:\program\JDK\jdk1.8.0_271\jre"/>
    <property name="basedir" value="F:\work\entrance-server\insport-server\admin-port\import-service-back"/>
    <property name="file.separator" value="\"/>
    <property name="line.separator" value="&#10;"/>
    <property name="java.vm.specification.vendor" value="Oracle Corporation"/>
    <property name="java.specification.name" value="Java Platform API Specification"/>
    <property name="java.awt.graphicsenv" value="sun.awt.Win32GraphicsEnvironment"/>
    <property name="surefire.real.class.path" value="C:\Users\97877\AppData\Local\Temp\surefire2802083031587853091\surefirebooter692062773245726963.jar"/>
    <property name="sun.boot.class.path" value="D:\program\JDK\jdk1.8.0_271\jre\lib\resources.jar;D:\program\JDK\jdk1.8.0_271\jre\lib\rt.jar;D:\program\JDK\jdk1.8.0_271\jre\lib\sunrsasign.jar;D:\program\JDK\jdk1.8.0_271\jre\lib\jsse.jar;D:\program\JDK\jdk1.8.0_271\jre\lib\jce.jar;D:\program\JDK\jdk1.8.0_271\jre\lib\charsets.jar;D:\program\JDK\jdk1.8.0_271\jre\lib\jfr.jar;D:\program\JDK\jdk1.8.0_271\jre\classes"/>
    <property name="user.script" value=""/>
    <property name="sun.management.compiler" value="HotSpot 64-Bit Tiered Compilers"/>
    <property name="java.runtime.version" value="1.8.0_271-b09"/>
    <property name="user.name" value="97877"/>
    <property name="path.separator" value=";"/>
    <property name="os.version" value="10.0"/>
    <property name="java.endorsed.dirs" value="D:\program\JDK\jdk1.8.0_271\jre\lib\endorsed"/>
    <property name="java.runtime.name" value="Java(TM) SE Runtime Environment"/>
    <property name="file.encoding" value="GBK"/>
    <property name="java.vm.name" value="Java HotSpot(TM) 64-Bit Server VM"/>
    <property name="localRepository" value="D:\program\Maven\Dependency Libraries\mvn-repository"/>
    <property name="java.vendor.url.bug" value="http://bugreport.sun.com/bugreport/"/>
    <property name="java.io.tmpdir" value="C:\Users\97877\AppData\Local\Temp\"/>
    <property name="java.version" value="1.8.0_271"/>
    <property name="user.dir" value="F:\work\entrance-server\insport-server\admin-port\import-service-back"/>
    <property name="os.arch" value="amd64"/>
    <property name="java.vm.specification.name" value="Java Virtual Machine Specification"/>
    <property name="java.awt.printerjob" value="sun.awt.windows.WPrinterJob"/>
    <property name="sun.os.patch.level" value=""/>
    <property name="idea.version2019.3.5" value="true"/>
    <property name="java.library.path" value="D:\program\JDK\jdk1.8.0_271\jre\bin;C:\WINDOWS\Sun\Java\bin;C:\WINDOWS\system32;C:\WINDOWS;C:\Python310\Scripts\;C:\Python310\;C:\Program Files (x86)\Common Files\Oracle\Java\javapath;C:\Windows\system32;C:\Windows;C:\Windows\System32\Wbem;C:\Windows\System32\WindowsPowerShell\v1.0\;C:\Windows\System32\OpenSSH\;D:\program\node-v8;D:\program\SVN\bin;D:\program\SVN-Git\bin;D:\program\Git\cmd;D:\program\HX_MAVEN\apache-maven-3.6.3\bin;D:\program\JDK\jdk1.8.0_271\bin;D:\program\JDK\jdk1.8.0_271\jre\bin;C:\ProgramData\chocolatey\bin;C:\WINDOWS\system32;C:\WINDOWS;C:\WINDOWS\System32\Wbem;C:\WINDOWS\System32\WindowsPowerShell\v1.0\;C:\WINDOWS\System32\OpenSSH\;F:\Development dependence\node-v8.17.0;C:\Users\97877\AppData\Local\Microsoft\WindowsApps;C:\Users\97877\AppData\Roaming\npm;;."/>
    <property name="java.vm.info" value="mixed mode"/>
    <property name="java.vendor" value="Oracle Corporation"/>
    <property name="java.vm.version" value="25.271-b09"/>
    <property name="java.ext.dirs" value="D:\program\JDK\jdk1.8.0_271\jre\lib\ext;C:\WINDOWS\Sun\Java\lib\ext"/>
    <property name="sun.io.unicode.encoding" value="UnicodeLittle"/>
    <property name="java.class.version" value="52.0"/>
  </properties>
  <testcase name="contextLoads" classname="com.example.warehouse.ImportServiceBackApplicationTests" time="0.315"/>
</testsuite>